[2019-12-17 10:34:38,566] {/home/alta-18/Documents/Alterra/FlaskPractice/app.py:25} WARNING - REQUEST_LOG	{"request": {}, "response": []}
[2019-12-17 10:34:58,986] {/home/alta-18/Documents/Alterra/FlaskPractice/app.py:25} WARNING - REQUEST_LOG	{"request": {}, "response": []}
[2019-12-17 10:35:00,356] {/home/alta-18/Documents/Alterra/FlaskPractice/app.py:25} WARNING - REQUEST_LOG	{"request": {}, "response": []}
[2019-12-17 10:35:02,148] {/home/alta-18/Documents/Alterra/FlaskPractice/app.py:25} WARNING - REQUEST_LOG	{"request": {}, "response": []}
[2019-12-17 10:35:22,055] {/home/alta-18/Documents/Alterra/FlaskPractice/app.py:25} WARNING - REQUEST_LOG	{"request": {}, "response": []}
[2019-12-17 10:35:23,930] {/home/alta-18/Documents/Alterra/FlaskPractice/app.py:25} WARNING - REQUEST_LOG	{"request": {}, "response": []}
[2019-12-17 10:35:30,654] {/home/alta-18/Documents/Alterra/FlaskPractice/app.py:25} WARNING - REQUEST_LOG	{"request": {}, "response": []}
[2019-12-17 10:35:31,698] {/home/alta-18/Documents/Alterra/FlaskPractice/app.py:25} WARNING - REQUEST_LOG	{"request": {}, "response": []}
[2019-12-17 10:35:32,593] {/home/alta-18/Documents/Alterra/FlaskPractice/app.py:25} WARNING - REQUEST_LOG	{"request": {}, "response": []}
[2019-12-17 10:35:33,404] {/home/alta-18/Documents/Alterra/FlaskPractice/app.py:25} WARNING - REQUEST_LOG	{"request": {}, "response": []}
[2019-12-17 10:35:34,310] {/home/alta-18/Documents/Alterra/FlaskPractice/app.py:25} WARNING - REQUEST_LOG	{"request": {}, "response": []}
[2019-12-17 10:35:41,075] {/home/alta-18/Documents/Alterra/FlaskPractice/app.py:25} WARNING - REQUEST_LOG	{"request": {}, "response": []}
[2019-12-17 10:35:41,995] {/home/alta-18/Documents/Alterra/FlaskPractice/app.py:25} WARNING - REQUEST_LOG	{"request": {}, "response": []}
[2019-12-17 10:35:42,848] {/home/alta-18/Documents/Alterra/FlaskPractice/app.py:25} WARNING - REQUEST_LOG	{"request": {}, "response": []}
[2019-12-17 10:36:01,300] {/home/alta-18/Documents/Alterra/FlaskPractice/app.py:25} WARNING - REQUEST_LOG	{"request": {}, "response": []}
[2019-12-17 10:36:06,429] {/home/alta-18/Documents/Alterra/FlaskPractice/app.py:25} WARNING - REQUEST_LOG	{"request": {}, "response": {"message": "NOT_FOUND"}}
[2019-12-17 10:36:15,412] {/home/alta-18/Documents/Alterra/FlaskPractice/app.py:25} WARNING - REQUEST_LOG	{"request": {}, "response": {"message": "NOT_FOUND"}}
[2019-12-17 10:37:09,909] {/home/alta-18/Documents/Alterra/FlaskPractice/app.py:25} WARNING - REQUEST_LOG	{"request": {}, "response": []}
[2019-12-17 10:38:16,672] {/home/alta-18/Documents/Alterra/FlaskPractice/app.py:25} WARNING - REQUEST_LOG	{"request": {}, "response": []}
[2019-12-17 10:44:00,025] {/home/alta-18/Documents/Alterra/FlaskPractice/app.py:25} WARNING - REQUEST_LOG	{"request": {}, "response": {"message": "The requested URL was not found on the server. If you entered the URL manually please check your spelling and try again."}}
[2019-12-17 10:44:10,108] {/home/alta-18/Documents/Alterra/FlaskPractice/app.py:25} WARNING - REQUEST_LOG	{"request": {}, "response": {"message": "The requested URL was not found on the server. If you entered the URL manually please check your spelling and try again."}}
[2019-12-17 10:44:44,424] {/home/alta-18/Documents/Alterra/FlaskPractice/app.py:30} WARNING - REQUEST_LOG	{"request": {"nama": "Wildan Firdaus", "age": 22, "sex": "Male", "client_id": 4}, "response": {"message": {"name": "Missing required parameter in the JSON body"}}}
[2019-12-17 10:49:04,557] {/home/alta-18/Documents/Alterra/FlaskPractice/app.py:31} WARNING - REQUEST_LOG	{"status_code": 400, "method": "POST", "code": "400 BAD REQUEST", "request": {"nama": "Wildan Firdaus", "age": 22, "sex": "Male", "client_id": 4}, "response": {"message": {"name": "Missing required parameter in the JSON body"}}}
[2019-12-17 10:49:30,357] {/home/alta-18/Documents/Alterra/FlaskPractice/app.py:31} WARNING - REQUEST_LOG	{"method": "POST", "code": "400 BAD REQUEST", "request": {"nama": "Wildan Firdaus", "age": 22, "sex": "Male", "client_id": 4}, "response": {"message": {"name": "Missing required parameter in the JSON body"}}}
[2019-12-17 10:50:39,434] {/home/alta-18/Documents/Alterra/FlaskPractice/app.py:31} WARNING - REQUEST_LOG	{"method": "POST", "code": "400 BAD REQUEST", "request": {}, "response": {"message": "Failed to decode JSON object: Expecting value: line 1 column 1 (char 0)"}}
[2019-12-17 10:51:50,931] {/home/alta-18/Documents/Alterra/FlaskPractice/app.py:31} WARNING - REQUEST_LOG	{"method": "GET", "code": "404 NOT FOUND", "request": {}, "response": {"message": "The requested URL was not found on the server. If you entered the URL manually please check your spelling and try again."}}
[2019-12-17 10:51:56,153] {/home/alta-18/Documents/Alterra/FlaskPractice/app.py:31} WARNING - REQUEST_LOG	{"method": "GET", "code": "200 OK", "request": {}, "response": []}
[2019-12-17 10:52:08,555] {/home/alta-18/Documents/Alterra/FlaskPractice/app.py:31} WARNING - REQUEST_LOG	{"method": "GET", "code": "200 OK", "request": {"nama": "Wildan Firdaus", "age": 22, "sex": "Male", "client_id": 4}, "response": []}
[2019-12-17 10:52:30,206] {/home/alta-18/Documents/Alterra/FlaskPractice/app.py:31} WARNING - REQUEST_LOG	{"method": "GET", "code": "200 OK", "request": {"name": "Wildan Firdaus", "age": 22, "sex": "Male", "client_id": 4}, "response": []}
[2019-12-17 10:52:42,066] {/home/alta-18/Documents/Alterra/FlaskPractice/app.py:30} WARNING - REQUEST_LOG	{"method": "GET", "code": "200 OK", "request": {"name": "Wildan Firdaus", "age": 22, "sex": "Male", "client_id": 4}, "response": []}
[2019-12-17 10:53:23,217] {/home/alta-18/Documents/Alterra/FlaskPractice/app.py:30} WARNING - REQUEST_LOG	{"method": "GET", "code": "404 NOT FOUND", "request": {"name": "Wildan Firdaus", "age": 22, "sex": "Male", "client_id": 4}, "response": {"message": "The requested URL was not found on the server. If you entered the URL manually please check your spelling and try again."}}
[2019-12-17 10:53:33,804] {/home/alta-18/Documents/Alterra/FlaskPractice/app.py:30} WARNING - REQUEST_LOG	{"method": "POST", "code": "400 BAD REQUEST", "request": {}, "response": {"message": "Failed to decode JSON object: Expecting value: line 1 column 1 (char 0)"}}
[2019-12-17 10:53:38,565] {/home/alta-18/Documents/Alterra/FlaskPractice/app.py:30} WARNING - REQUEST_LOG	{"method": "POST", "code": "400 BAD REQUEST", "request": {}, "response": {"message": "Failed to decode JSON object: Expecting value: line 1 column 1 (char 0)"}}
[2019-12-17 10:56:24,652] {/home/alta-18/Documents/Alterra/FlaskPractice/app.py:30} WARNING - REQUEST_LOG	{"method": "POST", "code": "400 BAD REQUEST", "request": {}, "response": {"message": "Failed to decode JSON object: Expecting value: line 1 column 1 (char 0)"}}
[2019-12-17 10:58:06,241] {/home/alta-18/Documents/Alterra/FlaskPractice/app.py:30} WARNING - REQUEST_LOG	{"method": "GET", "code": "200 OK", "request": {}, "response": []}
[2019-12-17 11:00:12,072] {/home/alta-18/Documents/Alterra/FlaskPractice/app.py:30} WARNING - REQUEST_LOG	{"method": "GET", "code": "200 OK", "request": {}, "response": []}
[2019-12-17 11:00:21,193] {/home/alta-18/Documents/Alterra/FlaskPractice/.flaskblog_venv/lib/python3.6/site-packages/flask/app.py:1891} ERROR - Exception on / [GET]
Traceback (most recent call last):
  File "/home/alta-18/Documents/Alterra/FlaskPractice/.flaskblog_venv/lib/python3.6/site-packages/flask/app.py", line 2446, in wsgi_app
    response = self.full_dispatch_request()
  File "/home/alta-18/Documents/Alterra/FlaskPractice/.flaskblog_venv/lib/python3.6/site-packages/flask/app.py", line 1952, in full_dispatch_request
    return self.finalize_request(rv)
  File "/home/alta-18/Documents/Alterra/FlaskPractice/.flaskblog_venv/lib/python3.6/site-packages/flask/app.py", line 1969, in finalize_request
    response = self.process_response(response)
  File "/home/alta-18/Documents/Alterra/FlaskPractice/.flaskblog_venv/lib/python3.6/site-packages/flask/app.py", line 2266, in process_response
    response = handler(response)
  File "/home/alta-18/Documents/Alterra/FlaskPractice/app.py", line 30, in after_request
    "response": json.loads(response.data.decode("utf-8"))
  File "/usr/lib/python3.6/json/__init__.py", line 354, in loads
    return _default_decoder.decode(s)
  File "/usr/lib/python3.6/json/decoder.py", line 339, in decode
    obj, end = self.raw_decode(s, idx=_w(s, 0).end())
  File "/usr/lib/python3.6/json/decoder.py", line 357, in raw_decode
    raise JSONDecodeError("Expecting value", s, err.value) from None
json.decoder.JSONDecodeError: Expecting value: line 1 column 1 (char 0)
[2019-12-17 11:00:21,196] {/home/alta-18/Documents/Alterra/FlaskPractice/.flaskblog_venv/lib/python3.6/site-packages/flask/app.py:1975} ERROR - Request finalizing failed with an error while handling an error
Traceback (most recent call last):
  File "/home/alta-18/Documents/Alterra/FlaskPractice/.flaskblog_venv/lib/python3.6/site-packages/flask/app.py", line 1969, in finalize_request
    response = self.process_response(response)
  File "/home/alta-18/Documents/Alterra/FlaskPractice/.flaskblog_venv/lib/python3.6/site-packages/flask/app.py", line 2266, in process_response
    response = handler(response)
  File "/home/alta-18/Documents/Alterra/FlaskPractice/app.py", line 30, in after_request
    "response": json.loads(response.data.decode("utf-8"))
  File "/usr/lib/python3.6/json/__init__.py", line 354, in loads
    return _default_decoder.decode(s)
  File "/usr/lib/python3.6/json/decoder.py", line 339, in decode
    obj, end = self.raw_decode(s, idx=_w(s, 0).end())
  File "/usr/lib/python3.6/json/decoder.py", line 357, in raw_decode
    raise JSONDecodeError("Expecting value", s, err.value) from None
json.decoder.JSONDecodeError: Expecting value: line 1 column 1 (char 0)
[2019-12-17 11:00:58,462] {/home/alta-18/Documents/Alterra/FlaskPractice/.flaskblog_venv/lib/python3.6/site-packages/flask/app.py:1891} ERROR - Exception on / [GET]
Traceback (most recent call last):
  File "/home/alta-18/Documents/Alterra/FlaskPractice/.flaskblog_venv/lib/python3.6/site-packages/flask/app.py", line 2446, in wsgi_app
    response = self.full_dispatch_request()
  File "/home/alta-18/Documents/Alterra/FlaskPractice/.flaskblog_venv/lib/python3.6/site-packages/flask/app.py", line 1952, in full_dispatch_request
    return self.finalize_request(rv)
  File "/home/alta-18/Documents/Alterra/FlaskPractice/.flaskblog_venv/lib/python3.6/site-packages/flask/app.py", line 1969, in finalize_request
    response = self.process_response(response)
  File "/home/alta-18/Documents/Alterra/FlaskPractice/.flaskblog_venv/lib/python3.6/site-packages/flask/app.py", line 2266, in process_response
    response = handler(response)
  File "/home/alta-18/Documents/Alterra/FlaskPractice/app.py", line 30, in after_request
    "response": json.loads(response.data.decode("utf-8"))
  File "/usr/lib/python3.6/json/__init__.py", line 354, in loads
    return _default_decoder.decode(s)
  File "/usr/lib/python3.6/json/decoder.py", line 339, in decode
    obj, end = self.raw_decode(s, idx=_w(s, 0).end())
  File "/usr/lib/python3.6/json/decoder.py", line 357, in raw_decode
    raise JSONDecodeError("Expecting value", s, err.value) from None
json.decoder.JSONDecodeError: Expecting value: line 1 column 1 (char 0)
[2019-12-17 11:00:58,464] {/home/alta-18/Documents/Alterra/FlaskPractice/.flaskblog_venv/lib/python3.6/site-packages/flask/app.py:1975} ERROR - Request finalizing failed with an error while handling an error
Traceback (most recent call last):
  File "/home/alta-18/Documents/Alterra/FlaskPractice/.flaskblog_venv/lib/python3.6/site-packages/flask/app.py", line 1969, in finalize_request
    response = self.process_response(response)
  File "/home/alta-18/Documents/Alterra/FlaskPractice/.flaskblog_venv/lib/python3.6/site-packages/flask/app.py", line 2266, in process_response
    response = handler(response)
  File "/home/alta-18/Documents/Alterra/FlaskPractice/app.py", line 30, in after_request
    "response": json.loads(response.data.decode("utf-8"))
  File "/usr/lib/python3.6/json/__init__.py", line 354, in loads
    return _default_decoder.decode(s)
  File "/usr/lib/python3.6/json/decoder.py", line 339, in decode
    obj, end = self.raw_decode(s, idx=_w(s, 0).end())
  File "/usr/lib/python3.6/json/decoder.py", line 357, in raw_decode
    raise JSONDecodeError("Expecting value", s, err.value) from None
json.decoder.JSONDecodeError: Expecting value: line 1 column 1 (char 0)
[2019-12-17 11:01:22,166] {/home/alta-18/Documents/Alterra/FlaskPractice/app.py:30} WARNING - REQUEST_LOG	{"method": "GET", "code": "200 OK", "request": {}, "response": []}
[2019-12-17 11:01:31,489] {/home/alta-18/Documents/Alterra/FlaskPractice/app.py:30} WARNING - REQUEST_LOG	{"method": "GET", "code": "200 OK", "request": {}, "response": []}
[2019-12-17 11:05:33,876] {/home/alta-18/Documents/Alterra/FlaskPractice/app.py:30} WARNING - REQUEST_LOG	{"method": "GET", "code": "200 OK", "request": {}, "response": []}
[2019-12-17 11:07:06,816] {/home/alta-18/Documents/Alterra/FlaskPractice/app.py:30} WARNING - REQUEST_LOG	{"method": "GET", "code": "200 OK", "request": {}, "response": []}
[2019-12-17 11:07:16,219] {/home/alta-18/Documents/Alterra/FlaskPractice/app.py:30} WARNING - REQUEST_LOG	{"method": "GET", "code": "200 OK", "request": {}, "response": []}
[2019-12-17 11:07:30,397] {/home/alta-18/Documents/Alterra/FlaskPractice/app.py:30} INFO - REQUEST_LOG	{"method": "GET", "code": "200 OK", "request": {}, "response": []}
[2019-12-17 11:07:43,259] {/home/alta-18/Documents/Alterra/FlaskPractice/app.py:30} INFO - REQUEST_LOG	{"method": "GET", "code": "200 OK", "request": {}, "response": []}
[2019-12-17 11:07:51,149] {/home/alta-18/Documents/Alterra/FlaskPractice/app.py:30} INFO - REQUEST_LOG	{"method": "GET", "code": "200 OK", "request": {"name": "Wildan Firdaus", "age": 22, "sex": "Male", "client_id": 4}, "response": []}
[2019-12-17 11:08:31,129] {/home/alta-18/Documents/Alterra/FlaskPractice/app.py:30} INFO - REQUEST_LOG	{"method": "POST", "code": "200 OK", "request": {"name": "Wildan Firdaus", "age": 22, "sex": "Male", "client_id": 4}, "response": {"name": "Wildan Firdaus", "age": 22, "sex": "Male", "client_id": 4, "created_at": "2019-12-17, 11:08:31", "updated_at": "2019-12-17, 11:08:31", "id": 1}}
[2019-12-17 11:08:41,223] {/home/alta-18/Documents/Alterra/FlaskPractice/app.py:30} INFO - REQUEST_LOG	{"method": "POST", "code": "400 BAD REQUEST", "request": {}, "response": {"message": "Failed to decode JSON object: Expecting value: line 1 column 1 (char 0)"}}
[2019-12-17 11:10:33,514] {/home/alta-18/Documents/Alterra/FlaskPractice/app.py:30} INFO - REQUEST_LOG	{"method": "POST", "code": "400 BAD REQUEST", "request": {}, "response": {"message": "Failed to decode JSON object: Expecting value: line 1 column 1 (char 0)"}}
[2019-12-17 11:10:39,290] {/home/alta-18/Documents/Alterra/FlaskPractice/app.py:30} INFO - REQUEST_LOG	{"method": "POST", "code": "400 BAD REQUEST", "request": {}, "response": {"message": "Failed to decode JSON object: Expecting value: line 1 column 1 (char 0)"}}
[2019-12-17 11:10:44,286] {/home/alta-18/Documents/Alterra/FlaskPractice/app.py:30} INFO - REQUEST_LOG	{"method": "GET", "code": "200 OK", "request": {}, "response": []}
[2019-12-17 11:13:20,505] {/home/alta-18/Documents/Alterra/FlaskPractice/app.py:30} INFO - REQUEST_LOG	{"method": "GET", "code": "200 OK", "request": {}, "response": []}
[2019-12-17 11:13:27,013] {/home/alta-18/Documents/Alterra/FlaskPractice/app.py:30} INFO - REQUEST_LOG	{"method": "GET", "code": "200 OK", "request": {}, "response": []}
[2019-12-17 11:13:40,110] {/home/alta-18/Documents/Alterra/FlaskPractice/app.py:30} INFO - REQUEST_LOG	{"method": "GET", "code": "404 NOT FOUND", "request": {}, "response": {"message": "The requested URL was not found on the server. If you entered the URL manually please check your spelling and try again."}}
[2019-12-17 11:13:56,437] {/home/alta-18/Documents/Alterra/FlaskPractice/app.py:30} INFO - REQUEST_LOG	{"method": "GET", "code": "200 OK", "request": {}, "response": []}
[2019-12-17 11:17:17,790] {/home/alta-18/Documents/Alterra/FlaskPractice/app.py:31} INFO - REQUEST_LOG	{"method": "GET", "code": "200 OK", "request": {}, "response": []}
[2019-12-17 11:17:26,614] {/home/alta-18/Documents/Alterra/FlaskPractice/app.py:38} ERROR - REQUEST_LOG	{"method": "GET", "code": "404 NOT FOUND", "request": {}, "response": {"message": "The requested URL was not found on the server. If you entered the URL manually please check your spelling and try again."}}
[2019-12-17 11:17:38,007] {/home/alta-18/Documents/Alterra/FlaskPractice/app.py:38} ERROR - REQUEST_LOG	{"method": "GET", "code": "404 NOT FOUND", "request": {}, "response": {"message": "NOT_FOUND"}}
[2019-12-17 11:17:54,794] {/home/alta-18/Documents/Alterra/FlaskPractice/app.py:38} ERROR - REQUEST_LOG	{"method": "POST", "code": "400 BAD REQUEST", "request": {}, "response": {"message": "Failed to decode JSON object: Expecting value: line 1 column 1 (char 0)"}}
[2019-12-17 11:18:04,721] {/home/alta-18/Documents/Alterra/FlaskPractice/app.py:31} INFO - REQUEST_LOG	{"method": "POST", "code": "200 OK", "request": {"name": "Wildan Firdaus", "age": 22, "sex": "Male", "client_id": 4}, "response": {"name": "Wildan Firdaus", "age": 22, "sex": "Male", "client_id": 4, "created_at": "2019-12-17, 11:18:04", "updated_at": "2019-12-17, 11:18:04", "id": 1}}
[2019-12-17 11:18:20,038] {/home/alta-18/Documents/Alterra/FlaskPractice/app.py:38} ERROR - REQUEST_LOG	{"method": "POST", "code": "400 BAD REQUEST", "request": {"nama": "Wildan Firdaus", "age": 22, "sex": "Male", "client_id": 4}, "response": {"message": {"name": "Missing required parameter in the JSON body"}}}
[2019-12-17 11:18:39,637] {/home/alta-18/Documents/Alterra/FlaskPractice/app.py:31} INFO - REQUEST_LOG	{"method": "POST", "code": "200 OK", "request": {"name": "Wildan Firdaus", "age": 22, "sex": "Male", "client_id": 4}, "response": {"name": "Wildan Firdaus", "age": 22, "sex": "Male", "client_id": 4, "created_at": "2019-12-17, 11:18:39", "updated_at": "2019-12-17, 11:18:39", "id": 2}}
[2019-12-17 11:18:49,400] {/home/alta-18/Documents/Alterra/FlaskPractice/app.py:31} INFO - REQUEST_LOG	{"method": "GET", "code": "200 OK", "request": {"name": "Wildan Firdaus", "age": 22, "sex": "Male", "client_id": 4}, "response": [{"name": "Wildan Firdaus", "age": 22, "sex": "Male", "client_id": 4, "created_at": "2019-12-17, 11:18:04", "updated_at": "2019-12-17, 11:18:04", "id": 1}, {"name": "Wildan Firdaus", "age": 22, "sex": "Male", "client_id": 4, "created_at": "2019-12-17, 11:18:39", "updated_at": "2019-12-17, 11:18:39", "id": 2}]}
[2019-12-17 11:19:03,948] {/home/alta-18/Documents/Alterra/FlaskPractice/app.py:38} ERROR - REQUEST_LOG	{"method": "PUT", "code": "404 NOT FOUND", "request": {"name": "Wildan Firdaus", "age": 22, "sex": "Male", "client_id": 4}, "response": {"message": "NOT_FOUND"}}
[2019-12-17 11:19:35,712] {/home/alta-18/Documents/Alterra/FlaskPractice/app.py:31} INFO - REQUEST_LOG	{"method": "PUT", "code": "200 OK", "request": {"name": "Wildan", "age": 22, "sex": "Male", "client_id": 4}, "response": {"name": "Wildan", "age": 22, "sex": "Male", "client_id": 4, "created_at": "2019-12-17, 11:18:04", "updated_at": "2019-12-17, 11:19:35", "id": 1}}
[2019-12-17 11:19:48,677] {/home/alta-18/Documents/Alterra/FlaskPractice/app.py:38} ERROR - REQUEST_LOG	{"method": "PUT", "code": "404 NOT FOUND", "request": {"name": "Wildan", "age": 22, "sex": "Male", "client_id": 4}, "response": {"message": "NOT_FOUND"}}
[2019-12-17 11:19:54,341] {/home/alta-18/Documents/Alterra/FlaskPractice/app.py:31} INFO - REQUEST_LOG	{"method": "GET", "code": "200 OK", "request": {"name": "Wildan", "age": 22, "sex": "Male", "client_id": 4}, "response": [{"name": "Wildan", "age": 22, "sex": "Male", "client_id": 4, "created_at": "2019-12-17, 11:18:04", "updated_at": "2019-12-17, 11:19:35", "id": 1}, {"name": "Wildan Firdaus", "age": 22, "sex": "Male", "client_id": 4, "created_at": "2019-12-17, 11:18:39", "updated_at": "2019-12-17, 11:18:39", "id": 2}]}
